#
# A fatal error has been detected by the Java Runtime Environment:
#
#  SIGSEGV (0xb) at pc=0x00000001060462c8, pid=28480, tid=14855
#
# JRE version: Java(TM) SE Runtime Environment (8.0_77-b03) (build 1.8.0_77-b03)
# Java VM: Java HotSpot(TM) 64-Bit Server VM (25.77-b03 mixed mode bsd-amd64 compressed oops)
# Problematic frame:
# V  [libjvm.dylib+0x4462c8]  Method::checked_resolve_jmethod_id(_jmethodID*)+0xe
#
# Failed to write core dump. Core dumps have been disabled. To enable core dumping, try "ulimit -c unlimited" before starting Java again
#
# If you would like to submit a bug report, please visit:
#   http://bugreport.java.com/bugreport/crash.jsp
#

---------------  T H R E A D  ---------------

Current thread (0x00007feab600b000):  JavaThread "JDWP Transport Listener: dt_socket" daemon [_thread_in_vm, id=14855, stack(0x0000700001e3d000,0x0000700001f3d000)]

siginfo: si_signo: 11 (SIGSEGV), si_code: 0 (unknown), si_addr: 0x0000000000000000

Registers:
RAX=0x0000000000000001, RBX=0x0000700001f3cb4b, RCX=0x0000000106415340, RDX=0x0000700001f3cb4b
RSP=0x0000700001f3ca90, RBP=0x0000700001f3caa0, RSI=0x00007feab600b000, RDI=0x72746e6f632e676e
R8 =0x000000000000f8ab, R9 =0x0000000000000000, R10=0x00007feab9300000, R11=0x00007feab93d6230
R12=0x00007feab600b000, R13=0x72746e6f632e676e, R14=0x72746e6f632e676e, R15=0x00007feab5c0a150
RIP=0x00000001060462c8, EFLAGS=0x0000000000010202, ERR=0x0000000000000000
  TRAPNO=0x000000000000000d

Top of Stack: (sp=0x0000700001f3ca90)
0x0000700001f3ca90:   0000700001f3cb4b 0000700001f3cb4b
0x0000700001f3caa0:   0000700001f3cb00 0000000105f552fe
0x0000700001f3cab0:   00007feab600b000 0000000000000000
0x0000700001f3cac0:   0000000000000000 0000000000000000
0x0000700001f3cad0:   00007feab600b000 00007feab600b000
0x0000700001f3cae0:   0000700001f3cb4b 0000700001f3cb50
0x0000700001f3caf0:   72746e6f632e676e 0000000000000008
0x0000700001f3cb00:   0000700001f3cb20 000000010539d780
0x0000700001f3cb10:   0000000000000001 0000700001f3cbc8
0x0000700001f3cb20:   0000700001f3cb90 00000001053821f3
0x0000700001f3cb30:   0000700001f3cb60 00007feab9807040
0x0000700001f3cb40:   0000000900000032 0000000100f3cbc8
0x0000700001f3cb50:   0000000000000000 0000000000000000
0x0000700001f3cb60:   0000000000000000 0000700001f3cd50
0x0000700001f3cb70:   00000001053a4e7a 00007feab5ef70a0
0x0000700001f3cb80:   0000700001f3cbc8 00000001053b0598
0x0000700001f3cb90:   0000700001f3cba0 00000001053822ec
0x0000700001f3cba0:   0000700001f3cdc0 000000010538b898
0x0000700001f3cbb0:   000126fc00000013 00000000000f0200
0x0000700001f3cbc0:   00007feab5ef5cb0 00007feab93d9a4f
0x0000700001f3cbd0:   00000000000000e9 00007feab93d8c80
0x0000700001f3cbe0:   000000000000012c 0000700001f3cc18
0x0000700001f3cbf0:   00007feab93d8c80 0000000000000000
0x0000700001f3cc00:   000126fc0000000f 00007fea00006680
0x0000700001f3cc10:   0000700001f3cc18 ea7f000009000000
0x0000700001f3cc20:   1300000060bb54b9 7a246164626d616c
0x0000700001f3cc30:   6f72746e6f436a64 281500000030246c
0x0000700001f3cc40:   616c2f6176616a4c 6e697274532f676e
0x0000700001f3cc50:   0000000056293b67 ea7f00000a1000f0
0x0000700001f3cc60:   080000006041e0b5 3e74696e696c633c
0x0000700001f3cc70:   0056292803000000 0008000000000000
0x0000700001f3cc80:   006841e0b5ea7f00 006e69616d040000 

Instructions: (pc=0x00000001060462c8)
0x00000001060462a8:   40 48 48 85 c0 75 e0 30 c0 0f b6 c0 5d c3 31 c0
0x00000001060462b8:   5d c3 55 48 89 e5 53 48 83 ec 08 48 85 ff 74 24
0x00000001060462c8:   48 8b 1f 48 85 db 74 1c 48 83 fb 37 74 16 48 8b
0x00000001060462d8:   03 48 89 df ff 50 10 84 c0 b8 00 00 00 00 48 0f 

Register to memory mapping:

RAX=0x0000000000000001 is an unknown value
RBX=0x0000700001f3cb4b is pointing into the stack for thread: 0x00007feab600b000
RCX=0x0000000106415340: UseMembar+0 in /Library/Java/JavaVirtualMachines/jdk1.8.0_77.jdk/Contents/Home/jre/lib/server/libjvm.dylib at 0x0000000105c00000
RDX=0x0000700001f3cb4b is pointing into the stack for thread: 0x00007feab600b000
RSP=0x0000700001f3ca90 is pointing into the stack for thread: 0x00007feab600b000
RBP=0x0000700001f3caa0 is pointing into the stack for thread: 0x00007feab600b000
RSI=0x00007feab600b000 is a thread
RDI=0x72746e6f632e676e is an unknown value
R8 =0x000000000000f8ab is an unknown value
R9 =0x0000000000000000 is an unknown value
R10=0x00007feab9300000 is an unknown value
R11=0x00007feab93d6230 is an unknown value
R12=0x00007feab600b000 is a thread
R13=0x72746e6f632e676e is an unknown value
R14=0x72746e6f632e676e is an unknown value
R15=0x00007feab5c0a150 is an unknown value


Stack: [0x0000700001e3d000,0x0000700001f3d000],  sp=0x0000700001f3ca90,  free space=1022k
Native frames: (J=compiled Java code, j=interpreted, Vv=VM code, C=native code)
V  [libjvm.dylib+0x4462c8]  Method::checked_resolve_jmethod_id(_jmethodID*)+0xe
V  [libjvm.dylib+0x3552fe]  jvmti_IsMethodSynthetic+0xb2
C  [libjdwp.dylib+0x20780]  isMethodSynthetic+0x63
C  [libjdwp.dylib+0x51f3]  methods1+0x10b
C  [libjdwp.dylib+0x52ec]  methodsWithGeneric+0xe
C  [libjdwp.dylib+0xe898]  debugLoop_run+0x1ce
C  [libjdwp.dylib+0x1f6ba]  attachThread+0x4d
V  [libjvm.dylib+0x39665c]  JvmtiAgentThread::call_start_function()+0x38
V  [libjvm.dylib+0x560e03]  JavaThread::thread_main_inner()+0x9b
V  [libjvm.dylib+0x5624fe]  JavaThread::run()+0x1c2
V  [libjvm.dylib+0x482eda]  java_start(Thread*)+0xf6
C  [libsystem_pthread.dylib+0x6109]  _pthread_start+0x94
C  [libsystem_pthread.dylib+0x1b8b]  thread_start+0xf
C  0x0000000000000000


---------------  P R O C E S S  ---------------

Java Threads: ( => current thread )
  0x00007feab72b2000 JavaThread "DestroyJavaVM" [_thread_blocked, id=3587, stack(0x000070000141c000,0x000070000151c000)]
  0x00007feab72b1000 JavaThread "http-nio-8001-Acceptor" daemon [_thread_in_native, id=26627, stack(0x0000700003a91000,0x0000700003b91000)]
  0x00007feab7b71000 JavaThread "http-nio-8001-ClientPoller" daemon [_thread_in_native, id=39427, stack(0x000070000398e000,0x0000700003a8e000)]
  0x00007feab631a800 JavaThread "http-nio-8001-exec-10" daemon [_thread_blocked, id=26371, stack(0x000070000388b000,0x000070000398b000)]
  0x00007feab631a000 JavaThread "http-nio-8001-exec-9" daemon [_thread_blocked, id=26115, stack(0x0000700003788000,0x0000700003888000)]
  0x00007feab6317800 JavaThread "http-nio-8001-exec-8" daemon [_thread_blocked, id=25859, stack(0x0000700003685000,0x0000700003785000)]
  0x00007feab6317000 JavaThread "http-nio-8001-exec-7" daemon [_thread_blocked, id=40451, stack(0x0000700003582000,0x0000700003682000)]
  0x00007feab7b6a000 JavaThread "http-nio-8001-exec-6" daemon [_thread_blocked, id=25091, stack(0x000070000347f000,0x000070000357f000)]
  0x00007feab7b69800 JavaThread "http-nio-8001-exec-5" daemon [_thread_blocked, id=40707, stack(0x000070000337c000,0x000070000347c000)]
  0x00007feab6316000 JavaThread "http-nio-8001-exec-4" daemon [_thread_blocked, id=41219, stack(0x0000700003279000,0x0000700003379000)]
  0x00007feab7b68800 JavaThread "http-nio-8001-exec-3" daemon [_thread_blocked, id=41475, stack(0x0000700003176000,0x0000700003276000)]
  0x00007feab6315800 JavaThread "http-nio-8001-exec-2" daemon [_thread_blocked, id=24323, stack(0x0000700003073000,0x0000700003173000)]
  0x00007feab7b68000 JavaThread "http-nio-8001-exec-1" daemon [_thread_blocked, id=24067, stack(0x0000700002f70000,0x0000700003070000)]
  0x00007feab7b60800 JavaThread "http-nio-8001-BlockPoller" daemon [_thread_in_native, id=23811, stack(0x0000700002e6d000,0x0000700002f6d000)]
  0x00007feab7b0d800 JavaThread "container-0" [_thread_blocked, id=43011, stack(0x0000700002c67000,0x0000700002d67000)]
  0x00007feab6a6b000 JavaThread "Catalina-utility-2" [_thread_blocked, id=23047, stack(0x0000700002b64000,0x0000700002c64000)]
  0x00007feab7241000 JavaThread "Catalina-utility-1" [_thread_blocked, id=16919, stack(0x0000700002758000,0x0000700002858000)]
  0x00007feab629c000 JavaThread "RMI Scheduler(0)" daemon [_thread_blocked, id=43267, stack(0x0000700002a61000,0x0000700002b61000)]
  0x00007feab71c4800 JavaThread "Attach Listener" daemon [_thread_blocked, id=21763, stack(0x000070000285b000,0x000070000295b000)]
  0x00007feab6955800 JavaThread "RMI TCP Accept-0" daemon [_thread_in_native, id=17667, stack(0x0000700002552000,0x0000700002652000)]
  0x00007feab7932000 JavaThread "Service Thread" daemon [_thread_blocked, id=15875, stack(0x000070000244f000,0x000070000254f000)]
  0x00007feab6164000 JavaThread "C1 CompilerThread2" daemon [_thread_blocked, id=15619, stack(0x000070000234c000,0x000070000244c000)]
  0x00007feab708b000 JavaThread "C2 CompilerThread1" daemon [_thread_blocked, id=18435, stack(0x0000700002249000,0x0000700002349000)]
  0x00007feab708a000 JavaThread "C2 CompilerThread0" daemon [_thread_blocked, id=18947, stack(0x0000700002146000,0x0000700002246000)]
  0x00007feab600b800 JavaThread "JDWP Command Reader" daemon [_thread_in_native, id=19203, stack(0x0000700002043000,0x0000700002143000)]
  0x00007feab7853000 JavaThread "JDWP Event Helper Thread" daemon [_thread_blocked, id=19715, stack(0x0000700001f40000,0x0000700002040000)]
=>0x00007feab600b000 JavaThread "JDWP Transport Listener: dt_socket" daemon [_thread_in_vm, id=14855, stack(0x0000700001e3d000,0x0000700001f3d000)]
  0x00007feab6013800 JavaThread "Signal Dispatcher" daemon [_thread_blocked, id=14595, stack(0x0000700001d3a000,0x0000700001e3a000)]
  0x00007feab683b000 JavaThread "Finalizer" daemon [_thread_blocked, id=12035, stack(0x0000700001b31000,0x0000700001c31000)]
  0x00007feab600a000 JavaThread "Reference Handler" daemon [_thread_blocked, id=11523, stack(0x0000700001a2e000,0x0000700001b2e000)]

Other Threads:
  0x00007feab6838000 VMThread [stack: 0x000070000192b000,0x0000700001a2b000] [id=21507]
  0x00007feab695a000 WatcherThread [stack: 0x0000700002655000,0x0000700002755000] [id=17155]

VM state:not at safepoint (normal execution)

VM Mutex/Monitor currently owned by a thread: None

Heap:
 PSYoungGen      total 139776K, used 17578K [0x0000000795580000, 0x00000007a0900000, 0x00000007c0000000)
  eden space 131584K, 7% used [0x0000000795580000,0x0000000795eaba48,0x000000079d600000)
  from space 8192K, 99% used [0x000000079d600000,0x000000079ddff0c8,0x000000079de00000)
  to   space 11264K, 0% used [0x000000079fe00000,0x000000079fe00000,0x00000007a0900000)
 ParOldGen       total 53760K, used 8965K [0x0000000740000000, 0x0000000743480000, 0x0000000795580000)
  object space 53760K, 16% used [0x0000000740000000,0x00000007408c1668,0x0000000743480000)
 Metaspace       used 32504K, capacity 34334K, committed 34432K, reserved 1079296K
  class space    used 4320K, capacity 4672K, committed 4736K, reserved 1048576K

Card table byte_map: [0x0000000106f98000,0x0000000107399000] byte_map_base: 0x0000000103598000

Marking Bits: (ParMarkBitMap*) 0x00000001064e3ea0
 Begin Bits: [0x0000000107644000, 0x0000000109644000)
 End Bits:   [0x0000000109644000, 0x000000010b644000)

Polling page: 0x000000010537c000

CodeCache: size=245760Kb used=6481Kb max_used=6481Kb free=239278Kb
 bounds [0x0000000113b8c000, 0x00000001141ec000, 0x0000000122b8c000]
 total_blobs=3578 nmethods=3143 adapters=355
 compilation: enabled

Compilation events (10 events):
Event: 1286.049 Thread 0x00007feab6164000 3147       1       org.apache.catalina.core.StandardWrapper::backgroundProcess (38 bytes)
Event: 1286.050 Thread 0x00007feab6164000 nmethod 3147 0x00000001141dec50 code [0x00000001141dede0, 0x00000001141df018]
Event: 1446.082 Thread 0x00007feab6164000 3148       1       ch.qos.logback.classic.pattern.TargetLengthBasedClassNameAbbreviator::computeDotIndexes (38 bytes)
Event: 1446.082 Thread 0x00007feab6164000 nmethod 3148 0x00000001141df110 code [0x00000001141df280, 0x00000001141df428]
Event: 1446.082 Thread 0x00007feab6164000 3149       1       ch.qos.logback.classic.pattern.TargetLengthBasedClassNameAbbreviator::computeLengthArray (132 bytes)
Event: 1446.083 Thread 0x00007feab6164000 nmethod 3149 0x00000001141df590 code [0x00000001141df700, 0x00000001141df970]
Event: 1866.190 Thread 0x00007feab6164000 3150       1       java.text.DateFormatSymbols::copyMembers (155 bytes)
Event: 1866.192 Thread 0x00007feab6164000 nmethod 3150 0x00000001141dfdd0 code [0x00000001141dffa0, 0x00000001141e0568]
Event: 1946.206 Thread 0x00007feab6164000 3151       1       java.util.concurrent.ConcurrentHashMap::size (31 bytes)
Event: 1946.207 Thread 0x00007feab6164000 nmethod 3151 0x00000001141e0950 code [0x00000001141e0ac0, 0x00000001141e0c48]

GC Heap History (10 events):
Event: 1.548 GC heap before
{Heap before GC invocations=4 (full 0):
 PSYoungGen      total 38400K, used 38390K [0x0000000795580000, 0x000000079a080000, 0x00000007c0000000)
  eden space 33280K, 100% used [0x0000000795580000,0x0000000797600000,0x0000000797600000)
  from space 5120K, 99% used [0x0000000797600000,0x0000000797afd940,0x0000000797b00000)
  to   space 5120K, 0% used [0x0000000799b80000,0x0000000799b80000,0x000000079a080000)
 ParOldGen       total 87552K, used 1390K [0x0000000740000000, 0x0000000745580000, 0x0000000795580000)
  object space 87552K, 1% used [0x0000000740000000,0x000000074015baf0,0x0000000745580000)
 Metaspace       used 20046K, capacity 20740K, committed 20992K, reserved 1067008K
  class space    used 2635K, capacity 2804K, committed 2816K, reserved 1048576K
Event: 1.557 GC heap after
Heap after GC invocations=4 (full 0):
 PSYoungGen      total 71680K, used 5090K [0x0000000795580000, 0x000000079a080000, 0x00000007c0000000)
  eden space 66560K, 0% used [0x0000000795580000,0x0000000795580000,0x0000000799680000)
  from space 5120K, 99% used [0x0000000799b80000,0x000000079a0788b8,0x000000079a080000)
  to   space 5120K, 0% used [0x0000000799680000,0x0000000799680000,0x0000000799b80000)
 ParOldGen       total 87552K, used 3948K [0x0000000740000000, 0x0000000745580000, 0x0000000795580000)
  object space 87552K, 4% used [0x0000000740000000,0x00000007403db1f0,0x0000000745580000)
 Metaspace       used 20046K, capacity 20740K, committed 20992K, reserved 1067008K
  class space    used 2635K, capacity 2804K, committed 2816K, reserved 1048576K
}
Event: 1.725 GC heap before
{Heap before GC invocations=5 (full 0):
 PSYoungGen      total 71680K, used 12486K [0x0000000795580000, 0x000000079a080000, 0x00000007c0000000)
  eden space 66560K, 11% used [0x0000000795580000,0x0000000795cb91b8,0x0000000799680000)
  from space 5120K, 99% used [0x0000000799b80000,0x000000079a0788b8,0x000000079a080000)
  to   space 5120K, 0% used [0x0000000799680000,0x0000000799680000,0x0000000799b80000)
 ParOldGen       total 87552K, used 3948K [0x0000000740000000, 0x0000000745580000, 0x0000000795580000)
  object space 87552K, 4% used [0x0000000740000000,0x00000007403db1f0,0x0000000745580000)
 Metaspace       used 20584K, capacity 21270K, committed 21296K, reserved 1067008K
  class space    used 2721K, capacity 2921K, committed 2944K, reserved 1048576K
Event: 1.737 GC heap after
Heap after GC invocations=5 (full 0):
 PSYoungGen      total 71680K, used 5094K [0x0000000795580000, 0x000000079e780000, 0x00000007c0000000)
  eden space 66560K, 0% used [0x0000000795580000,0x0000000795580000,0x0000000799680000)
  from space 5120K, 99% used [0x0000000799680000,0x0000000799b79b28,0x0000000799b80000)
  to   space 8192K, 0% used [0x000000079df80000,0x000000079df80000,0x000000079e780000)
 ParOldGen       total 87552K, used 4176K [0x0000000740000000, 0x0000000745580000, 0x0000000795580000)
  object space 87552K, 4% used [0x0000000740000000,0x0000000740414210,0x0000000745580000)
 Metaspace       used 20584K, capacity 21270K, committed 21296K, reserved 1067008K
  class space    used 2721K, capacity 2921K, committed 2944K, reserved 1048576K
}
Event: 1.737 GC heap before
{Heap before GC invocations=6 (full 1):
 PSYoungGen      total 71680K, used 5094K [0x0000000795580000, 0x000000079e780000, 0x00000007c0000000)
  eden space 66560K, 0% used [0x0000000795580000,0x0000000795580000,0x0000000799680000)
  from space 5120K, 99% used [0x0000000799680000,0x0000000799b79b28,0x0000000799b80000)
  to   space 8192K, 0% used [0x000000079df80000,0x000000079df80000,0x000000079e780000)
 ParOldGen       total 87552K, used 4176K [0x0000000740000000, 0x0000000745580000, 0x0000000795580000)
  object space 87552K, 4% used [0x0000000740000000,0x0000000740414210,0x0000000745580000)
 Metaspace       used 20584K, capacity 21270K, committed 21296K, reserved 1067008K
  class space    used 2721K, capacity 2921K, committed 2944K, reserved 1048576K
Event: 1.772 GC heap after
Heap after GC invocations=6 (full 1):
 PSYoungGen      total 71680K, used 0K [0x0000000795580000, 0x000000079e780000, 0x00000007c0000000)
  eden space 66560K, 0% used [0x0000000795580000,0x0000000795580000,0x0000000799680000)
  from space 5120K, 0% used [0x0000000799680000,0x0000000799680000,0x0000000799b80000)
  to   space 8192K, 0% used [0x000000079df80000,0x000000079df80000,0x000000079e780000)
 ParOldGen       total 53760K, used 5234K [0x0000000740000000, 0x0000000743480000, 0x0000000795580000)
  object space 53760K, 9% used [0x0000000740000000,0x000000074051cbe8,0x0000000743480000)
 Metaspace       used 20582K, capacity 21264K, committed 21296K, reserved 1067008K
  class space    used 2720K, capacity 2920K, committed 2944K, reserved 1048576K
}
Event: 2.681 GC heap before
{Heap before GC invocations=7 (full 1):
 PSYoungGen      total 71680K, used 66560K [0x0000000795580000, 0x000000079e780000, 0x00000007c0000000)
  eden space 66560K, 100% used [0x0000000795580000,0x0000000799680000,0x0000000799680000)
  from space 5120K, 0% used [0x0000000799680000,0x0000000799680000,0x0000000799b80000)
  to   space 8192K, 0% used [0x000000079df80000,0x000000079df80000,0x000000079e780000)
 ParOldGen       total 53760K, used 5234K [0x0000000740000000, 0x0000000743480000, 0x0000000795580000)
  object space 53760K, 9% used [0x0000000740000000,0x000000074051cbe8,0x0000000743480000)
 Metaspace       used 24587K, capacity 25626K, committed 25856K, reserved 1071104K
  class space    used 3280K, capacity 3499K, committed 3584K, reserved 1048576K
Event: 2.692 GC heap after
Heap after GC invocations=7 (full 1):
 PSYoungGen      total 112640K, used 6511K [0x0000000795580000, 0x000000079e600000, 0x00000007c0000000)
  eden space 105984K, 0% used [0x0000000795580000,0x0000000795580000,0x000000079bd00000)
  from space 6656K, 97% used [0x000000079df80000,0x000000079e5dbc88,0x000000079e600000)
  to   space 8192K, 0% used [0x000000079d600000,0x000000079d600000,0x000000079de00000)
 ParOldGen       total 53760K, used 5242K [0x0000000740000000, 0x0000000743480000, 0x0000000795580000)
  object space 53760K, 9% used [0x0000000740000000,0x000000074051ebe8,0x0000000743480000)
 Metaspace       used 24587K, capacity 25626K, committed 25856K, reserved 1071104K
  class space    used 3280K, capacity 3499K, committed 3584K, reserved 1048576K
}
Event: 42.082 GC heap before
{Heap before GC invocations=8 (full 1):
 PSYoungGen      total 112640K, used 112495K [0x0000000795580000, 0x000000079e600000, 0x00000007c0000000)
  eden space 105984K, 100% used [0x0000000795580000,0x000000079bd00000,0x000000079bd00000)
  from space 6656K, 97% used [0x000000079df80000,0x000000079e5dbc88,0x000000079e600000)
  to   space 8192K, 0% used [0x000000079d600000,0x000000079d600000,0x000000079de00000)
 ParOldGen       total 53760K, used 5242K [0x0000000740000000, 0x0000000743480000, 0x0000000795580000)
  object space 53760K, 9% used [0x0000000740000000,0x000000074051ebe8,0x0000000743480000)
 Metaspace       used 32085K, capacity 33962K, committed 34176K, reserved 1079296K
  class space    used 4270K, capacity 4636K, committed 4736K, reserved 1048576K
Event: 42.098 GC heap after
Heap after GC invocations=8 (full 1):
 PSYoungGen      total 139776K, used 8188K [0x0000000795580000, 0x00000007a0900000, 0x00000007c0000000)
  eden space 131584K, 0% used [0x0000000795580000,0x0000000795580000,0x000000079d600000)
  from space 8192K, 99% used [0x000000079d600000,0x000000079ddff0c8,0x000000079de00000)
  to   space 11264K, 0% used [0x000000079fe00000,0x000000079fe00000,0x00000007a0900000)
 ParOldGen       total 53760K, used 8965K [0x0000000740000000, 0x0000000743480000, 0x0000000795580000)
  object space 53760K, 16% used [0x0000000740000000,0x00000007408c1668,0x0000000743480000)
 Metaspace       used 32085K, capacity 33962K, committed 34176K, reserved 1079296K
  class space    used 4270K, capacity 4636K, committed 4736K, reserved 1048576K
}

Deoptimization events (0 events):
No events

Internal exceptions (10 events):
Event: 42.023 Thread 0x00007feab7b68000 Exception <a 'java/lang/ArrayIndexOutOfBoundsException'> (0x000000079ba61180) thrown at [/Users/java_re/workspace/8-2-build-macosx-x86_64/jdk8u77/6540/hotspot/src/share/vm/runtime/sharedRuntime.cpp, line 605]
Event: 42.024 Thread 0x00007feab7b68000 Exception <a 'java/lang/NoSuchMethodError': java.lang.Object.lambda$thenComparing$36697e65$1(Ljava/util/Comparator;Ljava/lang/Object;Ljava/lang/Object;)I> (0x000000079ba6cf68) thrown at [/Users/java_re/workspace/8-2-build-macosx-x86_64/jdk8u77/6540/hotspo
Event: 42.081 Thread 0x00007feab7b68000 Exception <a 'java/lang/ArrayIndexOutOfBoundsException'> (0x000000079bcda1e8) thrown at [/Users/java_re/workspace/8-2-build-macosx-x86_64/jdk8u77/6540/hotspot/src/share/vm/runtime/sharedRuntime.cpp, line 605]
Event: 42.081 Thread 0x00007feab7b68000 Exception <a 'java/lang/ArrayIndexOutOfBoundsException'> (0x000000079bce34c0) thrown at [/Users/java_re/workspace/8-2-build-macosx-x86_64/jdk8u77/6540/hotspot/src/share/vm/runtime/sharedRuntime.cpp, line 605]
Event: 42.111 Thread 0x00007feab7b68000 Exception <a 'java/lang/ArrayIndexOutOfBoundsException'> (0x00000007956202c0) thrown at [/Users/java_re/workspace/8-2-build-macosx-x86_64/jdk8u77/6540/hotspot/src/share/vm/runtime/sharedRuntime.cpp, line 605]
Event: 42.120 Thread 0x00007feab7b68000 Exception <a 'java/lang/ArrayIndexOutOfBoundsException'> (0x000000079574cf88) thrown at [/Users/java_re/workspace/8-2-build-macosx-x86_64/jdk8u77/6540/hotspot/src/share/vm/runtime/sharedRuntime.cpp, line 605]
Event: 42.120 Thread 0x00007feab7b68000 Exception <a 'java/lang/ArrayIndexOutOfBoundsException'> (0x000000079574e638) thrown at [/Users/java_re/workspace/8-2-build-macosx-x86_64/jdk8u77/6540/hotspot/src/share/vm/runtime/sharedRuntime.cpp, line 605]
Event: 42.131 Thread 0x00007feab7b68000 Exception <a 'java/lang/ArrayIndexOutOfBoundsException'> (0x0000000795889000) thrown at [/Users/java_re/workspace/8-2-build-macosx-x86_64/jdk8u77/6540/hotspot/src/share/vm/runtime/sharedRuntime.cpp, line 605]
Event: 42.131 Thread 0x00007feab7b68000 Exception <a 'java/lang/ArrayIndexOutOfBoundsException'> (0x000000079588ad50) thrown at [/Users/java_re/workspace/8-2-build-macosx-x86_64/jdk8u77/6540/hotspot/src/share/vm/runtime/sharedRuntime.cpp, line 605]
Event: 42.131 Thread 0x00007feab7b68000 Exception <a 'java/lang/ArrayIndexOutOfBoundsException'> (0x000000079588cc68) thrown at [/Users/java_re/workspace/8-2-build-macosx-x86_64/jdk8u77/6540/hotspot/src/share/vm/runtime/sharedRuntime.cpp, line 605]

Events (10 events):
Event: 97.204 Executing VM operation: ChangeBreakpoints
Event: 97.204 Executing VM operation: ChangeBreakpoints done
Event: 97.209 Executing VM operation: ChangeBreakpoints
Event: 97.210 Executing VM operation: ChangeBreakpoints done
Event: 1949.381 Executing VM operation: ChangeBreakpoints
Event: 1949.382 Executing VM operation: ChangeBreakpoints done
Event: 1949.382 Executing VM operation: ChangeBreakpoints
Event: 1949.382 Executing VM operation: ChangeBreakpoints done
Event: 1949.408 Executing VM operation: RedefineClasses
Event: 1949.503 Executing VM operation: RedefineClasses done


Dynamic libraries:
0x000000000c1a7000 	/System/Library/Frameworks/Cocoa.framework/Versions/A/Cocoa
0x000000000c1a7000 	/System/Library/Frameworks/Security.framework/Versions/A/Security
0x000000000c1a7000 	/System/Library/Frameworks/ApplicationServices.framework/Versions/A/ApplicationServices
0x000000000c1a7000 	/usr/lib/libz.1.dylib
0x000000000c1a7000 	/usr/lib/libSystem.B.dylib
0x000000000c1a7000 	/usr/lib/libobjc.A.dylib
0x000000000c1a7000 	/System/Library/Frameworks/CoreFoundation.framework/Versions/A/CoreFoundation
0x000000000c1a7000 	/System/Library/Frameworks/Foundation.framework/Versions/C/Foundation
0x000000000c1a7000 	/System/Library/Frameworks/AppKit.framework/Versions/C/AppKit
0x000000000c1a7000 	/System/Library/Frameworks/CoreData.framework/Versions/A/CoreData
0x000000000c1a7000 	/System/Library/PrivateFrameworks/UIFoundation.framework/Versions/A/UIFoundation
0x000000000c1a7000 	/System/Library/PrivateFrameworks/RemoteViewServices.framework/Versions/A/RemoteViewServices
0x000000000c1a7000 	/System/Library/PrivateFrameworks/XCTTargetBootstrap.framework/Versions/A/XCTTargetBootstrap
0x000000000c1a7000 	/System/Library/Frameworks/CoreDisplay.framework/Versions/A/CoreDisplay
0x000000000c1a7000 	/System/Library/Frameworks/Metal.framework/Versions/A/Metal
0x000000000c1a7000 	/System/Library/PrivateFrameworks/DesktopServicesPriv.framework/Versions/A/DesktopServicesPriv
0x000000000c1a7000 	/usr/lib/liblangid.dylib
0x000000000c1a7000 	/System/Library/PrivateFrameworks/CoreSVG.framework/Versions/A/CoreSVG
0x000000000c1a7000 	/System/Library/PrivateFrameworks/SkyLight.framework/Versions/A/SkyLight
0x000000000c1a7000 	/System/Library/Frameworks/CoreGraphics.framework/Versions/A/CoreGraphics
0x000000000c1a7000 	/System/Library/Frameworks/Accelerate.framework/Versions/A/Accelerate
0x000000000c1a7000 	/usr/lib/libxml2.2.dylib
0x000000000c1a7000 	/System/Library/PrivateFrameworks/IconServices.framework/Versions/A/IconServices
0x000000000c1a7000 	/System/Library/Frameworks/IOSurface.framework/Versions/A/IOSurface
0x000000000c1a7000 	/usr/lib/libDiagnosticMessagesClient.dylib
0x000000000c1a7000 	/System/Library/PrivateFrameworks/DFRFoundation.framework/Versions/A/DFRFoundation
0x000000000c1a7000 	/usr/lib/libicucore.A.dylib
0x000000000c1a7000 	/System/Library/Frameworks/AudioToolbox.framework/Versions/A/AudioToolbox
0x000000000c1a7000 	/System/Library/Frameworks/AudioUnit.framework/Versions/A/AudioUnit
0x000000000c1a7000 	/usr/lib/libauto.dylib
0x000000000c1a7000 	/System/Library/PrivateFrameworks/DataDetectorsCore.framework/Versions/A/DataDetectorsCore
0x000000000c1a7000 	/System/Library/Frameworks/Carbon.framework/Versions/A/Frameworks/HIToolbox.framework/Versions/A/HIToolbox
0x000000000c1a7000 	/System/Library/Frameworks/QuartzCore.framework/Versions/A/QuartzCore
0x000000000c1a7000 	/System/Library/Frameworks/Carbon.framework/Versions/A/Frameworks/SpeechRecognition.framework/Versions/A/SpeechRecognition
0x000000000c1a7000 	/System/Library/PrivateFrameworks/CoreUI.framework/Versions/A/CoreUI
0x000000000c1a7000 	/System/Library/Frameworks/CoreAudio.framework/Versions/A/CoreAudio
0x000000000c1a7000 	/System/Library/Frameworks/DiskArbitration.framework/Versions/A/DiskArbitration
0x000000000c1a7000 	/System/Library/PrivateFrameworks/MultitouchSupport.framework/Versions/A/MultitouchSupport
0x000000000c1a7000 	/usr/lib/libenergytrace.dylib
0x000000000c1a7000 	/System/Library/Frameworks/IOKit.framework/Versions/A/IOKit
0x000000000c1a7000 	/System/Library/Frameworks/CoreServices.framework/Versions/A/CoreServices
0x000000000c1a7000 	/System/Library/PrivateFrameworks/PerformanceAnalysis.framework/Versions/A/PerformanceAnalysis
0x000000000c1a7000 	/System/Library/Frameworks/OpenGL.framework/Versions/A/OpenGL
0x000000000c1a7000 	/System/Library/Frameworks/ColorSync.framework/Versions/A/ColorSync
0x000000000c1a7000 	/System/Library/Frameworks/CoreImage.framework/Versions/A/CoreImage
0x000000000c1a7000 	/System/Library/Frameworks/CoreText.framework/Versions/A/CoreText
0x000000000c1a7000 	/System/Library/Frameworks/ImageIO.framework/Versions/A/ImageIO
0x000000000c1a7000 	/usr/lib/libc++.1.dylib
0x000000000c1a7000 	/usr/lib/libcompression.dylib
0x000000000c1a7000 	/usr/lib/libMobileGestalt.dylib
0x000000000c1a7000 	/System/Library/PrivateFrameworks/TextureIO.framework/Versions/A/TextureIO
0x000000000c1a7000 	/usr/lib/libate.dylib
0x000000000c1a7000 	/System/Library/PrivateFrameworks/InternationalSupport.framework/Versions/A/InternationalSupport
0x000000000c1a7000 	/usr/lib/system/libcache.dylib
0x000000000c1a7000 	/usr/lib/system/libcommonCrypto.dylib
0x000000000c1a7000 	/usr/lib/system/libcompiler_rt.dylib
0x000000000c1a7000 	/usr/lib/system/libcopyfile.dylib
0x000000000c1a7000 	/usr/lib/system/libcorecrypto.dylib
0x000000000c1a7000 	/usr/lib/system/libdispatch.dylib
0x000000000c1a7000 	/usr/lib/system/libdyld.dylib
0x000000000c1a7000 	/usr/lib/system/libkeymgr.dylib
0x000000000c1a7000 	/usr/lib/system/liblaunch.dylib
0x000000000c1a7000 	/usr/lib/system/libmacho.dylib
0x000000000c1a7000 	/usr/lib/system/libquarantine.dylib
0x000000000c1a7000 	/usr/lib/system/libremovefile.dylib
0x000000000c1a7000 	/usr/lib/system/libsystem_asl.dylib
0x000000000c1a7000 	/usr/lib/system/libsystem_blocks.dylib
0x000000000c1a7000 	/usr/lib/system/libsystem_c.dylib
0x000000000c1a7000 	/usr/lib/system/libsystem_configuration.dylib
0x000000000c1a7000 	/usr/lib/system/libsystem_coreservices.dylib
0x000000000c1a7000 	/usr/lib/system/libsystem_darwin.dylib
0x000000000c1a7000 	/usr/lib/system/libsystem_dnssd.dylib
0x000000000c1a7000 	/usr/lib/system/libsystem_featureflags.dylib
0x000000000c1a7000 	/usr/lib/system/libsystem_info.dylib
0x000000000c1a7000 	/usr/lib/system/libsystem_m.dylib
0x000000000c1a7000 	/usr/lib/system/libsystem_malloc.dylib
0x000000000c1a7000 	/usr/lib/system/libsystem_networkextension.dylib
0x000000000c1a7000 	/usr/lib/system/libsystem_notify.dylib
0x000000000c1a7000 	/usr/lib/system/libsystem_sandbox.dylib
0x000000000c1a7000 	/usr/lib/system/libsystem_secinit.dylib
0x000000000c1a7000 	/usr/lib/system/libsystem_kernel.dylib
0x000000000c1a7000 	/usr/lib/system/libsystem_platform.dylib
0x000000000c1a7000 	/usr/lib/system/libsystem_pthread.dylib
0x000000000c1a7000 	/usr/lib/system/libsystem_symptoms.dylib
0x000000000c1a7000 	/usr/lib/system/libsystem_trace.dylib
0x000000000c1a7000 	/usr/lib/system/libunwind.dylib
0x000000000c1a7000 	/usr/lib/system/libxpc.dylib
0x000000000c1a7000 	/usr/lib/libc++abi.dylib
0x000000000c1a7000 	/usr/lib/liblzma.5.dylib
0x000000000c1a7000 	/usr/lib/libfakelink.dylib
0x000000000c1a7000 	/usr/lib/libarchive.2.dylib
0x000000000c1a7000 	/System/Library/Frameworks/SystemConfiguration.framework/Versions/A/SystemConfiguration
0x000000000c1a7000 	/usr/lib/libCRFSuite.dylib
0x000000000c1a7000 	/System/Library/Frameworks/CFNetwork.framework/Versions/A/CFNetwork
0x000000000c1a7000 	/usr/lib/libbsm.0.dylib
0x000000000c1a7000 	/usr/lib/system/libkxld.dylib
0x000000000c1a7000 	/System/Library/PrivateFrameworks/AppleFSCompression.framework/Versions/A/AppleFSCompression
0x000000000c1a7000 	/usr/lib/libcoretls.dylib
0x000000000c1a7000 	/usr/lib/libcoretls_cfhelpers.dylib
0x000000000c1a7000 	/usr/lib/libpam.2.dylib
0x000000000c1a7000 	/usr/lib/libsqlite3.dylib
0x000000000c1a7000 	/usr/lib/libxar.1.dylib
0x000000000c1a7000 	/usr/lib/libbz2.1.0.dylib
0x000000000c1a7000 	/usr/lib/libiconv.2.dylib
0x000000000c1a7000 	/usr/lib/libcharset.1.dylib
0x000000000c1a7000 	/usr/lib/libnetwork.dylib
0x000000000c1a7000 	/usr/lib/libpcap.A.dylib
0x000000000c1a7000 	/usr/lib/libapple_nghttp2.dylib
0x000000000c1a7000 	/System/Library/Frameworks/CoreServices.framework/Versions/A/Frameworks/FSEvents.framework/Versions/A/FSEvents
0x000000000c1a7000 	/System/Library/Frameworks/CoreServices.framework/Versions/A/Frameworks/CarbonCore.framework/Versions/A/CarbonCore
0x000000000c1a7000 	/System/Library/Frameworks/CoreServices.framework/Versions/A/Frameworks/Metadata.framework/Versions/A/Metadata
0x000000000c1a7000 	/System/Library/Frameworks/CoreServices.framework/Versions/A/Frameworks/OSServices.framework/Versions/A/OSServices
0x000000000c1a7000 	/System/Library/Frameworks/CoreServices.framework/Versions/A/Frameworks/SearchKit.framework/Versions/A/SearchKit
0x000000000c1a7000 	/System/Library/Frameworks/CoreServices.framework/Versions/A/Frameworks/AE.framework/Versions/A/AE
0x000000000c1a7000 	/System/Library/Frameworks/CoreServices.framework/Versions/A/Frameworks/LaunchServices.framework/Versions/A/LaunchServices
0x000000000c1a7000 	/System/Library/Frameworks/CoreServices.framework/Versions/A/Frameworks/DictionaryServices.framework/Versions/A/DictionaryServices
0x000000000c1a7000 	/System/Library/Frameworks/CoreServices.framework/Versions/A/Frameworks/SharedFileList.framework/Versions/A/SharedFileList
0x000000000c1a7000 	/System/Library/Frameworks/NetFS.framework/Versions/A/NetFS
0x000000000c1a7000 	/System/Library/PrivateFrameworks/NetAuth.framework/Versions/A/NetAuth
0x000000000c1a7000 	/System/Library/PrivateFrameworks/login.framework/Versions/A/Frameworks/loginsupport.framework/Versions/A/loginsupport
0x000000000c1a7000 	/System/Library/PrivateFrameworks/TCC.framework/Versions/A/TCC
0x000000000c1a7000 	/System/Library/PrivateFrameworks/CoreNLP.framework/Versions/A/CoreNLP
0x000000000c1a7000 	/System/Library/PrivateFrameworks/MetadataUtilities.framework/Versions/A/MetadataUtilities
0x000000000c1a7000 	/usr/lib/libmecabra.dylib
0x000000000c1a7000 	/usr/lib/libmecab.dylib
0x000000000c1a7000 	/usr/lib/libgermantok.dylib
0x000000000c1a7000 	/usr/lib/libThaiTokenizer.dylib
0x000000000c1a7000 	/usr/lib/libChineseTokenizer.dylib
0x000000000c1a7000 	/System/Library/Frameworks/Accelerate.framework/Versions/A/Frameworks/vImage.framework/Versions/A/vImage
0x000000000c1a7000 	/System/Library/Frameworks/Accelerate.framework/Versions/A/Frameworks/vecLib.framework/Versions/A/vecLib
0x000000000c1a7000 	/System/Library/Frameworks/Accelerate.framework/Versions/A/Frameworks/vecLib.framework/Versions/A/libvMisc.dylib
0x000000000c1a7000 	/System/Library/Frameworks/Accelerate.framework/Versions/A/Frameworks/vecLib.framework/Versions/A/libvDSP.dylib
0x000000000c1a7000 	/System/Library/Frameworks/Accelerate.framework/Versions/A/Frameworks/vecLib.framework/Versions/A/libBLAS.dylib
0x000000000c1a7000 	/System/Library/Frameworks/Accelerate.framework/Versions/A/Frameworks/vecLib.framework/Versions/A/libLAPACK.dylib
0x000000000c1a7000 	/System/Library/Frameworks/Accelerate.framework/Versions/A/Frameworks/vecLib.framework/Versions/A/libLinearAlgebra.dylib
0x000000000c1a7000 	/System/Library/Frameworks/Accelerate.framework/Versions/A/Frameworks/vecLib.framework/Versions/A/libSparseBLAS.dylib
0x000000000c1a7000 	/System/Library/Frameworks/Accelerate.framework/Versions/A/Frameworks/vecLib.framework/Versions/A/libQuadrature.dylib
0x000000000c1a7000 	/System/Library/Frameworks/Accelerate.framework/Versions/A/Frameworks/vecLib.framework/Versions/A/libBNNS.dylib
0x000000000c1a7000 	/System/Library/Frameworks/Accelerate.framework/Versions/A/Frameworks/vecLib.framework/Versions/A/libSparse.dylib
0x000000000c1a7000 	/System/Library/PrivateFrameworks/LanguageModeling.framework/Versions/A/LanguageModeling
0x000000000c1a7000 	/System/Library/PrivateFrameworks/CoreEmoji.framework/Versions/A/CoreEmoji
0x000000000c1a7000 	/System/Library/PrivateFrameworks/LinguisticData.framework/Versions/A/LinguisticData
0x000000000c1a7000 	/System/Library/PrivateFrameworks/Lexicon.framework/Versions/A/Lexicon
0x000000000c1a7000 	/usr/lib/libcmph.dylib
0x000000000c1a7000 	/System/Library/Frameworks/OpenDirectory.framework/Versions/A/Frameworks/CFOpenDirectory.framework/Versions/A/CFOpenDirectory
0x000000000c1a7000 	/System/Library/Frameworks/OpenDirectory.framework/Versions/A/OpenDirectory
0x000000000c1a7000 	/System/Library/PrivateFrameworks/APFS.framework/Versions/A/APFS
0x000000000c1a7000 	/System/Library/Frameworks/SecurityFoundation.framework/Versions/A/SecurityFoundation
0x000000000c1a7000 	/usr/lib/libutil.dylib
0x000000000c1a7000 	/System/Library/PrivateFrameworks/CoreServicesStore.framework/Versions/A/CoreServicesStore
0x000000000c1a7000 	/System/Library/Frameworks/ServiceManagement.framework/Versions/A/ServiceManagement
0x000000000c1a7000 	/System/Library/PrivateFrameworks/BackgroundTaskManagement.framework/Versions/A/BackgroundTaskManagement
0x000000000c1a7000 	/usr/lib/libxslt.1.dylib
0x000000000c1a7000 	/System/Library/PrivateFrameworks/AppleSystemInfo.framework/Versions/A/AppleSystemInfo
0x000000000c1a7000 	/System/Library/Frameworks/ImageIO.framework/Versions/A/Resources/libJPEG.dylib
0x000000000c1a7000 	/System/Library/Frameworks/ImageIO.framework/Versions/A/Resources/libTIFF.dylib
0x000000000c1a7000 	/System/Library/Frameworks/ImageIO.framework/Versions/A/Resources/libPng.dylib
0x000000000c1a7000 	/System/Library/Frameworks/ImageIO.framework/Versions/A/Resources/libGIF.dylib
0x000000000c1a7000 	/System/Library/Frameworks/ImageIO.framework/Versions/A/Resources/libJP2.dylib
0x000000000c1a7000 	/System/Library/Frameworks/ImageIO.framework/Versions/A/Resources/libRadiance.dylib
0x000000000c1a7000 	/usr/lib/libexpat.1.dylib
0x000000000c1a7000 	/System/Library/PrivateFrameworks/AppleJPEG.framework/Versions/A/AppleJPEG
0x000000000c1a7000 	/System/Library/PrivateFrameworks/FontServices.framework/libFontParser.dylib
0x000000000c1a7000 	/System/Library/PrivateFrameworks/WatchdogClient.framework/Versions/A/WatchdogClient
0x000000000c1a7000 	/System/Library/PrivateFrameworks/IOAccelerator.framework/Versions/A/IOAccelerator
0x000000000c1a7000 	/System/Library/Frameworks/MetalPerformanceShaders.framework/Versions/A/MetalPerformanceShaders
0x000000000c1a7000 	/System/Library/PrivateFrameworks/GPUWrangler.framework/Versions/A/GPUWrangler
0x000000000c1a7000 	/System/Library/PrivateFrameworks/IOPresentment.framework/Versions/A/IOPresentment
0x000000000c1a7000 	/System/Library/PrivateFrameworks/DSExternalDisplay.framework/Versions/A/DSExternalDisplay
0x000000000c1a7000 	/System/Library/Frameworks/OpenGL.framework/Versions/A/Libraries/libCoreFSCache.dylib
0x000000000c1a7000 	/System/Library/Frameworks/MetalPerformanceShaders.framework/Frameworks/MPSCore.framework/Versions/A/MPSCore
0x000000000c1a7000 	/System/Library/Frameworks/MetalPerformanceShaders.framework/Frameworks/MPSImage.framework/Versions/A/MPSImage
0x000000000c1a7000 	/System/Library/Frameworks/MetalPerformanceShaders.framework/Frameworks/MPSNeuralNetwork.framework/Versions/A/MPSNeuralNetwork
0x000000000c1a7000 	/System/Library/Frameworks/MetalPerformanceShaders.framework/Frameworks/MPSMatrix.framework/Versions/A/MPSMatrix
0x000000000c1a7000 	/System/Library/Frameworks/MetalPerformanceShaders.framework/Frameworks/MPSRayIntersector.framework/Versions/A/MPSRayIntersector
0x000000000c1a7000 	/System/Library/Frameworks/MetalPerformanceShaders.framework/Frameworks/MPSNDArray.framework/Versions/A/MPSNDArray
0x000000000c1a7000 	/System/Library/PrivateFrameworks/MetalTools.framework/Versions/A/MetalTools
0x000000000c1a7000 	/System/Library/PrivateFrameworks/AggregateDictionary.framework/Versions/A/AggregateDictionary
0x000000000c1a7000 	/System/Library/PrivateFrameworks/CoreAnalytics.framework/Versions/A/CoreAnalytics
0x000000000c1a7000 	/System/Library/PrivateFrameworks/AppleSauce.framework/Versions/A/AppleSauce
0x000000000c1a7000 	/usr/lib/libIOReport.dylib
0x000000000c1a7000 	/System/Library/Frameworks/CoreVideo.framework/Versions/A/CoreVideo
0x000000000c1a7000 	/System/Library/PrivateFrameworks/GraphVisualizer.framework/Versions/A/GraphVisualizer
0x000000000c1a7000 	/System/Library/PrivateFrameworks/FaceCore.framework/Versions/A/FaceCore
0x000000000c1a7000 	/System/Library/Frameworks/OpenCL.framework/Versions/A/OpenCL
0x000000000c1a7000 	/usr/lib/libFosl_dynamic.dylib
0x000000000c1a7000 	/System/Library/PrivateFrameworks/OTSVG.framework/Versions/A/OTSVG
0x000000000c1a7000 	/System/Library/Frameworks/ApplicationServices.framework/Versions/A/Frameworks/ATS.framework/Versions/A/Resources/libFontRegistry.dylib
0x000000000c1a7000 	/System/Library/PrivateFrameworks/FontServices.framework/libhvf.dylib
0x000000000c1a7000 	/System/Library/Frameworks/OpenGL.framework/Versions/A/Libraries/libGFXShared.dylib
0x000000000c1a7000 	/System/Library/Frameworks/OpenGL.framework/Versions/A/Libraries/libGLU.dylib
0x000000000c1a7000 	/System/Library/Frameworks/OpenGL.framework/Versions/A/Libraries/libGL.dylib
0x000000000c1a7000 	/System/Library/Frameworks/OpenGL.framework/Versions/A/Libraries/libGLImage.dylib
0x000000000c1a7000 	/System/Library/Frameworks/OpenGL.framework/Versions/A/Libraries/libCVMSPluginSupport.dylib
0x000000000c1a7000 	/System/Library/Frameworks/OpenGL.framework/Versions/A/Libraries/libCoreVMClient.dylib
0x000000000c1a7000 	/usr/lib/libncurses.5.4.dylib
0x000000000c1a7000 	/System/Library/Frameworks/ApplicationServices.framework/Versions/A/Frameworks/ATS.framework/Versions/A/ATS
0x000000000c1a7000 	/System/Library/Frameworks/ApplicationServices.framework/Versions/A/Frameworks/ColorSyncLegacy.framework/Versions/A/ColorSyncLegacy
0x000000000c1a7000 	/System/Library/Frameworks/ApplicationServices.framework/Versions/A/Frameworks/HIServices.framework/Versions/A/HIServices
0x000000000c1a7000 	/System/Library/Frameworks/ApplicationServices.framework/Versions/A/Frameworks/LangAnalysis.framework/Versions/A/LangAnalysis
0x000000000c1a7000 	/System/Library/Frameworks/ApplicationServices.framework/Versions/A/Frameworks/PrintCore.framework/Versions/A/PrintCore
0x000000000c1a7000 	/System/Library/Frameworks/ApplicationServices.framework/Versions/A/Frameworks/QD.framework/Versions/A/QD
0x000000000c1a7000 	/System/Library/Frameworks/ApplicationServices.framework/Versions/A/Frameworks/SpeechSynthesis.framework/Versions/A/SpeechSynthesis
0x000000000c1a7000 	/System/Library/Frameworks/ApplicationServices.framework/Versions/A/Frameworks/ATSUI.framework/Versions/A/ATSUI
0x000000000c1a7000 	/usr/lib/libcups.2.dylib
0x000000000c1a7000 	/System/Library/Frameworks/Kerberos.framework/Versions/A/Kerberos
0x000000000c1a7000 	/System/Library/Frameworks/GSS.framework/Versions/A/GSS
0x000000000c1a7000 	/usr/lib/libresolv.9.dylib
0x000000000c1a7000 	/System/Library/PrivateFrameworks/Heimdal.framework/Versions/A/Heimdal
0x000000000c1a7000 	/System/Library/Frameworks/Kerberos.framework/Versions/A/Libraries/libHeimdalProxy.dylib
0x000000000c1a7000 	/usr/lib/libheimdal-asn1.dylib
0x000000000c1a7000 	/System/Library/PrivateFrameworks/CommonAuth.framework/Versions/A/CommonAuth
0x000000000c1a7000 	/System/Library/PrivateFrameworks/AssertionServices.framework/Versions/A/AssertionServices
0x000000000c1a7000 	/System/Library/PrivateFrameworks/AudioToolboxCore.framework/Versions/A/AudioToolboxCore
0x000000000c1a7000 	/System/Library/PrivateFrameworks/caulk.framework/Versions/A/caulk
0x000000000c1a7000 	/System/Library/PrivateFrameworks/BaseBoard.framework/Versions/A/BaseBoard
0x000000000c1a7000 	/System/Library/PrivateFrameworks/RunningBoardServices.framework/Versions/A/RunningBoardServices
0x000000000c1a7000 	/System/Library/PrivateFrameworks/PersistentConnection.framework/Versions/A/PersistentConnection
0x000000000c1a7000 	/System/Library/PrivateFrameworks/ProtocolBuffer.framework/Versions/A/ProtocolBuffer
0x000000000c1a7000 	/System/Library/PrivateFrameworks/CommonUtilities.framework/Versions/A/CommonUtilities
0x000000000c1a7000 	/System/Library/PrivateFrameworks/Bom.framework/Versions/A/Bom
0x000000000c1a7000 	/usr/lib/libAudioToolboxUtility.dylib
0x000000000c1a7000 	/System/Library/PrivateFrameworks/Backup.framework/Versions/A/Backup
0x000000000c1a7000 	/System/Library/PrivateFrameworks/CrashReporterSupport.framework/Versions/A/CrashReporterSupport
0x000000000c1a7000 	/System/Library/PrivateFrameworks/Sharing.framework/Versions/A/Sharing
0x000000000c1a7000 	/System/Library/PrivateFrameworks/Apple80211.framework/Versions/A/Apple80211
0x000000000c1a7000 	/System/Library/PrivateFrameworks/AuthKit.framework/Versions/A/AuthKit
0x000000000c1a7000 	/System/Library/PrivateFrameworks/CoreUtils.framework/Versions/A/CoreUtils
0x000000000c1a7000 	/System/Library/Frameworks/CoreWLAN.framework/Versions/A/CoreWLAN
0x000000000c1a7000 	/System/Library/Frameworks/IOBluetooth.framework/Versions/A/IOBluetooth
0x000000000c1a7000 	/System/Library/PrivateFrameworks/MobileKeyBag.framework/Versions/A/MobileKeyBag
0x000000000c1a7000 	/System/Library/PrivateFrameworks/CorePhoneNumbers.framework/Versions/A/CorePhoneNumbers
0x000000000c1a7000 	/System/Library/PrivateFrameworks/AppleIDAuthSupport.framework/Versions/A/AppleIDAuthSupport
0x000000000c1a7000 	/System/Library/Frameworks/Network.framework/Versions/A/Network
0x000000000c1a7000 	/System/Library/PrivateFrameworks/KeychainCircle.framework/Versions/A/KeychainCircle
0x000000000c1a7000 	/System/Library/Frameworks/CoreBluetooth.framework/Versions/A/CoreBluetooth
0x000000000c1a7000 	/System/Library/PrivateFrameworks/SpeechRecognitionCore.framework/Versions/A/SpeechRecognitionCore
0x000000000c1a7000 	/System/Library/CoreServices/Encodings/libSimplifiedChineseConverter.dylib
0x0000000105c00000 	/Library/Java/JavaVirtualMachines/jdk1.8.0_77.jdk/Contents/Home/jre/lib/server/libjvm.dylib
0x000000000c1a7000 	/usr/lib/libstdc++.6.dylib
0x0000000105339000 	/Library/Java/JavaVirtualMachines/jdk1.8.0_77.jdk/Contents/Home/jre/lib/libverify.dylib
0x0000000105347000 	/Library/Java/JavaVirtualMachines/jdk1.8.0_77.jdk/Contents/Home/jre/lib/libjava.dylib
0x000000010537d000 	/Library/Java/JavaVirtualMachines/jdk1.8.0_77.jdk/Contents/Home/jre/lib/libjdwp.dylib
0x00000001053c8000 	/Library/Java/JavaVirtualMachines/jdk1.8.0_77.jdk/Contents/Home/jre/lib/libnpt.dylib
0x00000001053cc000 	/Library/Java/JavaVirtualMachines/jdk1.8.0_77.jdk/Contents/Home/jre/lib/libinstrument.dylib
0x0000000106bcf000 	/Library/Java/JavaVirtualMachines/jdk1.8.0_77.jdk/Contents/Home/jre/lib/libzip.dylib
0x000000000c1a7000 	/System/Library/Frameworks/JavaVM.framework/Versions/A/Frameworks/JavaRuntimeSupport.framework/Versions/A/JavaRuntimeSupport
0x000000000c1a7000 	/System/Library/Frameworks/JavaVM.framework/Versions/A/Frameworks/JavaNativeFoundation.framework/Versions/A/JavaNativeFoundation
0x000000000c1a7000 	/System/Library/Frameworks/JavaVM.framework/Versions/A/JavaVM
0x000000000c1a7000 	/System/Library/Frameworks/Carbon.framework/Versions/A/Carbon
0x000000000c1a7000 	/System/Library/PrivateFrameworks/CoreSymbolication.framework/Versions/A/CoreSymbolication
0x000000000c1a7000 	/System/Library/PrivateFrameworks/JavaLaunching.framework/Versions/A/JavaLaunching
0x000000000c1a7000 	/System/Library/Frameworks/Carbon.framework/Versions/A/Frameworks/CommonPanels.framework/Versions/A/CommonPanels
0x000000000c1a7000 	/System/Library/Frameworks/Carbon.framework/Versions/A/Frameworks/Help.framework/Versions/A/Help
0x000000000c1a7000 	/System/Library/Frameworks/Carbon.framework/Versions/A/Frameworks/ImageCapture.framework/Versions/A/ImageCapture
0x000000000c1a7000 	/System/Library/Frameworks/Carbon.framework/Versions/A/Frameworks/OpenScripting.framework/Versions/A/OpenScripting
0x000000000c1a7000 	/System/Library/Frameworks/Carbon.framework/Versions/A/Frameworks/Ink.framework/Versions/A/Ink
0x000000000c1a7000 	/System/Library/Frameworks/Carbon.framework/Versions/A/Frameworks/Print.framework/Versions/A/Print
0x000000000c1a7000 	/System/Library/Frameworks/Carbon.framework/Versions/A/Frameworks/SecurityHI.framework/Versions/A/SecurityHI
0x000000000c1a7000 	/System/Library/PrivateFrameworks/DebugSymbols.framework/Versions/A/DebugSymbols
0x000000010dfa4000 	/Library/Java/JavaVirtualMachines/jdk1.8.0_77.jdk/Contents/Home/jre/lib/libdt_socket.dylib
0x000000010e2c5000 	/Library/Java/JavaVirtualMachines/jdk1.8.0_77.jdk/Contents/Home/jre/lib/libnet.dylib
0x000000010e2dc000 	/Library/Java/JavaVirtualMachines/jdk1.8.0_77.jdk/Contents/Home/jre/lib/libmanagement.dylib
0x000000010e2ea000 	/Library/Java/JavaVirtualMachines/jdk1.8.0_77.jdk/Contents/Home/jre/lib/libnio.dylib

VM Arguments:
jvm_args: -agentlib:jdwp=transport=dt_socket,address=127.0.0.1:55865,suspend=y,server=n -Dvisualvm.id=43679379754849 -XX:+PrintGCDetails -XX:TieredStopAtLevel=1 -Xverify:none -Dspring.output.ansi.enabled=always -Dcom.sun.management.jmxremote -Dspring.liveBeansView.mbeanDomain -Dspring.application.admin.enabled=true -javaagent:/Users/wanghanchao/Library/Caches/IntelliJIdea2018.3/captureAgent/debugger-agent.jar -Dfile.encoding=UTF-8 
java_command: com.example.spring.ExampleSpringSessionApplication
java_class_path (initial): /Library/Java/JavaVirtualMachines/jdk1.8.0_77.jdk/Contents/Home/jre/lib/charsets.jar:/Library/Java/JavaVirtualMachines/jdk1.8.0_77.jdk/Contents/Home/jre/lib/deploy.jar:/Library/Java/JavaVirtualMachines/jdk1.8.0_77.jdk/Contents/Home/jre/lib/ext/cldrdata.jar:/Library/Java/JavaVirtualMachines/jdk1.8.0_77.jdk/Contents/Home/jre/lib/ext/dnsns.jar:/Library/Java/JavaVirtualMachines/jdk1.8.0_77.jdk/Contents/Home/jre/lib/ext/jaccess.jar:/Library/Java/JavaVirtualMachines/jdk1.8.0_77.jdk/Contents/Home/jre/lib/ext/jfxrt.jar:/Library/Java/JavaVirtualMachines/jdk1.8.0_77.jdk/Contents/Home/jre/lib/ext/localedata.jar:/Library/Java/JavaVirtualMachines/jdk1.8.0_77.jdk/Contents/Home/jre/lib/ext/nashorn.jar:/Library/Java/JavaVirtualMachines/jdk1.8.0_77.jdk/Contents/Home/jre/lib/ext/sunec.jar:/Library/Java/JavaVirtualMachines/jdk1.8.0_77.jdk/Contents/Home/jre/lib/ext/sunjce_provider.jar:/Library/Java/JavaVirtualMachines/jdk1.8.0_77.jdk/Contents/Home/jre/lib/ext/sunpkcs11.jar:/Library/Java/JavaVirtualMachines/jdk1.8.0_77.jdk/Contents/Home/jre/lib/ext/zipfs.jar:/Library/Java/JavaVirtualMachines/jdk1.8.0_77.jdk/Contents/Home/jre/lib/javaws.jar:/Library/Java/JavaVirtualMachines/jdk1.8.0_77.jdk/Contents/Home/jre/lib/jce.jar:/Library/Java/JavaVirtualMachines/jdk1.8.0_77.jdk/Contents/Home/jre/lib/jfr.jar:/Library/Java/JavaVirtualMachines/jdk1.8.0_77.jdk/Contents/Home/jre/lib/jfxswt.jar:/Library/Java/JavaVirtualMachines/jdk1.8.0_77.jdk/Contents/Home/jre/lib/jsse.jar:/Library/Java/JavaVirtualMachines/jdk1.8.0_77.jdk/Contents/Home/jre/lib/management-agent.jar:/Library/Java/JavaVirtualMachines/jdk1.8.0_77.jdk/Contents/Home/jre/lib/plugin.jar:/Library/Java/JavaVirtualMachines/jdk1.8.0_77.jdk/Contents/Home/jre/lib/resources.jar:/Library/Java/JavaVirtualMachines/jdk1.8.0_77.jdk/Contents/Home/jre/lib/rt.jar:/Library/Java/JavaVirtualMachines/jdk1.8.0_77.jdk/Contents/Home/lib/ant-javafx.jar:/Library/Java/JavaVirtualMachines/jdk1.8.0_77.jdk/Contents/Home/lib/dt.jar:/Library/Ja
Launcher Type: SUN_STANDARD

Environment Variables:
JAVA_HOME=/Library/Java/JavaVirtualMachines/jdk1.8.0_77.jdk/Contents/Home
CLASSPATH=/Library/Java/JavaVirtualMachines/jdk1.8.0_77.jdk/Contents/Home/lib/tools.jar:/Library/Java/JavaVirtualMachines/jdk1.8.0_77.jdk/Contents/Home/lib/dt.jar:.
PATH=/usr/local/sbin:/usr/local/bin:/Library/Frameworks/Python.framework/Versions/3.7/bin:/Library/Java/JavaVirtualMachines/jdk1.8.0_77.jdk/Contents/Home/bin:/Library/Java/JavaVirtualMachines/jdk1.8.0_77.jdk/Contents/Home/bin:/usr/local/bin:/usr/bin:/bin:/usr/sbin:/sbin:/Applications/VMware Fusion.app/Contents/Public:.:/Users/wanghanchao/source_code/hadoop-2.7.3/bin:/Library/scala/scala-2.13.3/bin:/Users/wanghanchao/work/tech/source_code/apache-maven-3.8.3/bin:/Users/wanghanchao/work/tech/source_code/apache-maven-3.8.3/bin:/Users/wanghanchao/Library/Android/sdk/tools:/Users/wanghanchao/Library/Android/sdk/platform-tools:.:/usr/local/Cellar/scala/2.13.1/bin:/Users/wanghanchao/work/tech/source_code/gradle-7.3/bin
SHELL=/bin/bash

Signal Handlers:
SIGSEGV: [libjvm.dylib+0x5a6855], sa_mask[0]=11111111011111110111111111111111, sa_flags=SA_ONSTACK|SA_RESTART|SA_SIGINFO
SIGBUS: [libjvm.dylib+0x5a6855], sa_mask[0]=11111111011111110111111111111111, sa_flags=SA_RESTART|SA_SIGINFO
SIGFPE: [libjvm.dylib+0x4804ec], sa_mask[0]=11111111011111110111111111111111, sa_flags=SA_RESTART|SA_SIGINFO
SIGPIPE: [libjvm.dylib+0x4804ec], sa_mask[0]=11111111011111110111111111111111, sa_flags=SA_RESTART|SA_SIGINFO
SIGXFSZ: [libjvm.dylib+0x4804ec], sa_mask[0]=11111111011111110111111111111111, sa_flags=SA_RESTART|SA_SIGINFO
SIGILL: [libjvm.dylib+0x4804ec], sa_mask[0]=11111111011111110111111111111111, sa_flags=SA_RESTART|SA_SIGINFO
SIGUSR1: SIG_DFL, sa_mask[0]=00000000000000000000000000000000, sa_flags=none
SIGUSR2: [libjvm.dylib+0x48000a], sa_mask[0]=00100000000000000000000000000000, sa_flags=SA_RESTART|SA_SIGINFO
SIGHUP: [libjvm.dylib+0x47e5e1], sa_mask[0]=11111111011111110111111111111111, sa_flags=SA_RESTART|SA_SIGINFO
SIGINT: [libjvm.dylib+0x47e5e1], sa_mask[0]=11111111011111110111111111111111, sa_flags=SA_RESTART|SA_SIGINFO
SIGTERM: [libjvm.dylib+0x47e5e1], sa_mask[0]=11111111011111110111111111111111, sa_flags=SA_RESTART|SA_SIGINFO
SIGQUIT: [libjvm.dylib+0x47e5e1], sa_mask[0]=11111111011111110111111111111111, sa_flags=SA_RESTART|SA_SIGINFO


---------------  S Y S T E M  ---------------

OS:Bsduname:Darwin 19.6.0 Darwin Kernel Version 19.6.0: Thu Jun 18 20:49:00 PDT 2020; root:xnu-6153.141.1~1/RELEASE_X86_64 x86_64
rlimit: STACK 8192k, CORE 0k, NPROC 1392, NOFILE 10240, AS infinity
load average:5.72 5.20 4.84

CPU:total 4 (2 cores per cpu, 2 threads per core) family 6 model 142 stepping 9, cmov, cx8, fxsr, mmx, sse, sse2, sse3, ssse3, sse4.1, sse4.2, popcnt, avx, avx2, aes, clmul, erms, rtm, 3dnowpref, lzcnt, ht, tsc, tscinvbit, bmi1, bmi2, adx

Memory: 4k page, physical 8388608k(187448k free)

/proc/meminfo:


vm_info: Java HotSpot(TM) 64-Bit Server VM (25.77-b03) for bsd-amd64 JRE (1.8.0_77-b03), built on Mar 20 2016 22:14:03 by "java_re" with gcc 4.2.1 (Based on Apple Inc. build 5658) (LLVM build 2336.11.00)

time: Sun Apr 24 17:03:28 2022
elapsed time: 1949 seconds (0d 0h 32m 29s)

